\BOOKMARK [1][-]{section.1}{\376\377\0001\0000\0000\000\040\000p\000r\000i\000s\000o\000n\000e\000r\000s}{}% 1
\BOOKMARK [1][-]{section.2}{\376\377\000S\000u\000p\000e\000r\000\040\000c\000l\000e\000v\000e\000r\000\040\000a\000l\000g\000o\000r\000i\000t\000m}{}% 2
\BOOKMARK [2][-]{subsection.2.1}{\376\377\000D\000u\000p\000l\000i\000c\000a\000t\000e\000\040\000E\000l\000e\000e\000m\000n\000t\000s\000\040\000i\000n\000\040\000a\000n\000\040\000a\000r\000r\000a\000y}{section.2}% 3
\BOOKMARK [3][-]{subsubsection.2.1.1}{\376\377\000l\000o\000g\000\040\000n\000\040\000p\000a\000s\000s\000e\000s}{subsection.2.1}% 4
\BOOKMARK [3][-]{subsubsection.2.1.2}{\376\377\000D\000e\000s\000t\000r\000o\000y\000\040\000A}{subsection.2.1}% 5
\BOOKMARK [2][-]{subsection.2.2}{\376\377\000F\000l\000o\000y\000d\000s\000\040\000c\000y\000c\000l\000e\000\040\000f\000i\000n\000d\000i\000n\000g}{section.2}% 6
\BOOKMARK [2][-]{subsection.2.3}{\376\377\000M\000a\000j\000o\000r\000i\000t\000y\000\040\000E\000l\000e\000m\000e\000n\000t}{section.2}% 7
\BOOKMARK [3][-]{subsubsection.2.3.1}{\376\377\000B\000o\000y\000e\000r\000\040\000M\000o\000o\000r\000e\000\040\000A\000l\000g\000o\000r\000i\000t\000h\000m}{subsection.2.3}% 8
\BOOKMARK [3][-]{subsubsection.2.3.2}{\376\377\000S\000u\000p\000p\000o\000r\000t\000\040\000I\000n\000s\000e\000r\000t\000i\000o\000n\000/\000D\000e\000l\000e\000t\000i\000o\000n}{subsection.2.3}% 9
\BOOKMARK [2][-]{subsection.2.4}{\376\377\000M\000i\000s\000r\000a\000-\000G\000r\000i\000e\000s\000\040\000H\000e\000a\000v\000y\000\040\000H\000i\000t\000t\000e\000r}{section.2}% 10
\BOOKMARK [1][-]{section.3}{\376\377\000A\000l\000i\000c\000e\000\040\000a\000n\000d\000\040\000b\000o\000b\000\040}{}% 11
\BOOKMARK [1][-]{section.4}{\376\377\000F\000e\000n\000w\000i\000c\000k\000\040\000T\000r\000e\000e\000\040\000b\000i\000n\000a\000r\000y\000\040\000i\000n\000d\000e\000x\000e\000d\000\040\000t\000r\000e\000e\000,\000\040\000B\000I\000T}{}% 12
\BOOKMARK [2][-]{subsection.4.1}{\376\377\000D\000y\000n\000a\000m\000i\000c\000\040\000P\000r\000e\000f\000i\000x\000\040\000S\000u\000m\000s}{section.4}% 13
\BOOKMARK [2][-]{subsection.4.2}{\376\377\000C\000o\000u\000n\000t\000i\000n\000g\000\040\000I\000n\000v\000e\000r\000s\000i\000o\000n}{section.4}% 14
\BOOKMARK [2][-]{subsection.4.3}{\376\377\000N\000e\000s\000t\000e\000d\000\040\000S\000e\000g\000m\000e\000n\000t}{section.4}% 15
\BOOKMARK [2][-]{subsection.4.4}{\376\377\000U\000p\000d\000a\000t\000e\000\040\000t\000h\000e\000\040\000A\000r\000r\000a\000y}{section.4}% 16
\BOOKMARK [2][-]{subsection.4.5}{\376\377\000D\000y\000n\000a\000m\000i\000c\000\040\000P\000r\000e\000f\000i\000x\000\040\000S\000y\000m\000s\000\040\000w\000i\000t\000h\000\040\000r\000a\000n\000g\000e\000\040\000u\000p\000d\000a\000t\000e}{section.4}% 17
\BOOKMARK [1][-]{section.5}{\376\377\000S\000e\000g\000m\000e\000n\000t\000\040\000T\000r\000e\000e}{}% 18
\BOOKMARK [2][-]{subsection.5.1}{\376\377\000B\000M\000Q\000\040\000w\000i\000t\000h\000\040\000o\000c\000c\000u\000r\000r\000e\000n\000c\000y}{section.5}% 19
\BOOKMARK [2][-]{subsection.5.2}{\376\377\000p\000r\000o\000b\000l\000e\000m\000a\000\040\000p\000i\000u\000\040\000g\000r\000e\000v\000e}{section.5}% 20
\BOOKMARK [2][-]{subsection.5.3}{\376\377\000p\000r\000o\000b\000l\000e\000m\000a\000\040\000p\000i\000u\000\040\000g\000r\000e\000v\000e\000e\000e\000e\000e\000e}{section.5}% 21
\BOOKMARK [2][-]{subsection.5.4}{\376\377\000p\000r\000o\000b\000l\000e\000m\000a\000\040\000p\000i\000u\000\040\000g\000r\000e\000v\000e\000e\000e\000e\000e\000e\000e\000e\000e\000e\000e\000e\000e\000e\000e\000e}{section.5}% 22
\BOOKMARK [2][-]{subsection.5.5}{\376\377\000T\000r\000i\000p\000l\000e\000t\000s}{section.5}% 23
\BOOKMARK [2][-]{subsection.5.6}{\376\377\000R\000a\000n\000g\000e\000\040\000u\000p\000d\000a\000t\000e\000\040\000w\000i\000t\000h\000\040\000L\000a\000z\000y\000\040\000P\000r\000o\000p\000a\000g\000a\000t\000i\000o\000n}{section.5}% 24
\BOOKMARK [2][-]{subsection.5.7}{\376\377\000P\000e\000r\000s\000i\000s\000t\000e\000n\000t\000\040\000S\000e\000g\000m\000e\000n\000t\000\040\000T\000r\000e\000e}{section.5}% 25
\BOOKMARK [1][-]{section.6}{\376\377\000M\000o\000'\000s\000\040\000A\000l\000g\000o\000r\000i\000t\000h\000m}{}% 26
\BOOKMARK [2][-]{subsection.6.1}{\376\377\000P\000r\000o\000b\000l\000e\000m\000\040\000m\000e\000n\000o\000\040\000d\000i\000f\000f\000i\000c\000u\000l\000t}{section.6}% 27
\BOOKMARK [2][-]{subsection.6.2}{\376\377\000A\000\040\000D\000i\000f\000f\000i\000c\000u\000l\000t\000\040\000P\000r\000o\000b\000l\000e\000m}{section.6}% 28
\BOOKMARK [1][-]{section.7}{\376\377\000\050\000S\000T\000A\000T\000I\000C\000\051\000\040\000R\000M\000Q}{}% 29
\BOOKMARK [2][-]{subsubsection.7.0.1}{\376\377\000C\000a\000r\000t\000e\000s\000i\000a\000n\000\040\000T\000r\000e\000e}{section.7}% 30
\BOOKMARK [2][-]{subsection.7.1}{\376\377\000C\000o\000l\000o\000r\000e\000d\000\040\000R\000a\000n\000g\000e\000\040\000Q\000u\000e\000r\000y\000\040\000P\000r\000o\000b\000l\000e\000m}{section.7}% 31
