This is pdfTeX, Version 3.141592653-2.6-1.40.28 (TeX Live 2025) (preloaded format=pdflatex 2025.11.26)  2 DEC 2025 12:56
entering extended mode
 restricted \write18 enabled.
 file:line:error style messages enabled.
 %&-line parsing enabled.
**quad.tex
(./quad.tex
LaTeX2e <2025-11-01>
L3 programming layer <2025-11-14>
(/usr/local/texlive/2025/texmf-dist/tex/latex/base/article.cls
Document Class: article 2025/01/22 v1.4n Standard LaTeX document class
(/usr/local/texlive/2025/texmf-dist/tex/latex/base/size10.clo
File: size10.clo 2025/01/22 v1.4n Standard LaTeX file (size option)
)
\c@part=\count275
\c@section=\count276
\c@subsection=\count277
\c@subsubsection=\count278
\c@paragraph=\count279
\c@subparagraph=\count280
\c@figure=\count281
\c@table=\count282
\abovecaptionskip=\skip49
\belowcaptionskip=\skip50
\bibindent=\dimen148
) (/usr/local/texlive/2025/texmf-dist/tex/latex/geometry/geometry.sty
Package: geometry 2020/01/02 v5.9 Page Geometry
 (/usr/local/texlive/2025/texmf-dist/tex/latex/graphics/keyval.sty
Package: keyval 2022/05/29 v1.15 key=value parser (DPC)
\KV@toks@=\toks17
) (/usr/local/texlive/2025/texmf-dist/tex/generic/iftex/ifvtex.sty
Package: ifvtex 2019/10/25 v1.7 ifvtex legacy package. Use iftex instead.
 (/usr/local/texlive/2025/texmf-dist/tex/generic/iftex/iftex.sty
Package: iftex 2024/12/12 v1.0g TeX engine tests
))
\Gm@cnth=\count283
\Gm@cntv=\count284
\c@Gm@tempcnt=\count285
\Gm@bindingoffset=\dimen149
\Gm@wd@mp=\dimen150
\Gm@odd@mp=\dimen151
\Gm@even@mp=\dimen152
\Gm@layoutwidth=\dimen153
\Gm@layoutheight=\dimen154
\Gm@layouthoffset=\dimen155
\Gm@layoutvoffset=\dimen156
\Gm@dimlist=\toks18
) (/usr/local/texlive/2025/texmf-dist/tex/latex/graphics/graphicx.sty
Package: graphicx 2024/12/31 v1.2e Enhanced LaTeX Graphics (DPC,SPQR)
 (/usr/local/texlive/2025/texmf-dist/tex/latex/graphics/graphics.sty
Package: graphics 2024/08/06 v1.4g Standard LaTeX Graphics (DPC,SPQR)
 (/usr/local/texlive/2025/texmf-dist/tex/latex/graphics/trig.sty
Package: trig 2023/12/02 v1.11 sin cos tan (DPC)
) (/usr/local/texlive/2025/texmf-dist/tex/latex/graphics-cfg/graphics.cfg
File: graphics.cfg 2016/06/04 v1.11 sample graphics configuration
)
Package graphics Info: Driver file: pdftex.def on input line 106.
 (/usr/local/texlive/2025/texmf-dist/tex/latex/graphics-def/pdftex.def
File: pdftex.def 2025/09/29 v1.2d Graphics/color driver for pdftex
))
\Gin@req@height=\dimen157
\Gin@req@width=\dimen158
) (/usr/local/texlive/2025/texmf-dist/tex/latex/base/inputenc.sty
Package: inputenc 2024/02/08 v1.3d Input encoding file
\inpenc@prehook=\toks19
\inpenc@posthook=\toks20
) (/usr/local/texlive/2025/texmf-dist/tex/latex/parallel/parallel.sty
Package: parallel 2003/04/13, setting two texts parallel (me)
 `parallel': setting two texts parallel, (beta 4) 2003/04/13.
\ParallelLWidth=\dimen159
\ParallelRWidth=\dimen160
\ParallelTextWidth=\dimen161
\ParallelLeftMargin=\dimen162
\ParallelUserMidSkip=\dimen163
\ParallelMainMidSkip=\dimen164
\ParallelLBox=\box53
\ParallelRBox=\box54
\ParallelBoxVar=\box55
\ParallelLTok=\box56
\ParallelRTok=\box57
\ParallelBoolVar=\count286
\ParallelBoolMid=\count287
\ParallelWhichBox=\count288
\ParallelMainMode=\count289
\ParallelFNMode=\count290
\ParallelLFNCounter=\count291
\ParallelRFNCounter=\count292
\ParallelMaxFN=\count293
\ParallelFNNumMode=\count294
) (/usr/local/texlive/2025/texmf-dist/tex/latex/amsmath/amsmath.sty
Package: amsmath 2025/07/09 v2.17z AMS math features
\@mathmargin=\skip51

For additional information on amsmath, use the `?' option.
(/usr/local/texlive/2025/texmf-dist/tex/latex/amsmath/amstext.sty
Package: amstext 2024/11/17 v2.01 AMS text
 (/usr/local/texlive/2025/texmf-dist/tex/latex/amsmath/amsgen.sty
File: amsgen.sty 1999/11/30 v2.0 generic functions
\@emptytoks=\toks21
\ex@=\dimen165
)) (/usr/local/texlive/2025/texmf-dist/tex/latex/amsmath/amsbsy.sty
Package: amsbsy 1999/11/29 v1.2d Bold Symbols
\pmbraise@=\dimen166
) (/usr/local/texlive/2025/texmf-dist/tex/latex/amsmath/amsopn.sty
Package: amsopn 2022/04/08 v2.04 operator names
)
\inf@bad=\count295
LaTeX Info: Redefining \frac on input line 233.
\uproot@=\count296
\leftroot@=\count297
LaTeX Info: Redefining \overline on input line 398.
LaTeX Info: Redefining \colon on input line 409.
\classnum@=\count298
\DOTSCASE@=\count299
LaTeX Info: Redefining \ldots on input line 495.
LaTeX Info: Redefining \dots on input line 498.
LaTeX Info: Redefining \cdots on input line 619.
\Mathstrutbox@=\box58
\strutbox@=\box59
LaTeX Info: Redefining \big on input line 721.
LaTeX Info: Redefining \Big on input line 722.
LaTeX Info: Redefining \bigg on input line 723.
LaTeX Info: Redefining \Bigg on input line 724.
\big@size=\dimen167
LaTeX Font Info:    Redeclaring font encoding OML on input line 742.
LaTeX Font Info:    Redeclaring font encoding OMS on input line 743.
\macc@depth=\count300
LaTeX Info: Redefining \bmod on input line 904.
LaTeX Info: Redefining \pmod on input line 909.
LaTeX Info: Redefining \smash on input line 939.
LaTeX Info: Redefining \relbar on input line 969.
LaTeX Info: Redefining \Relbar on input line 970.
\c@MaxMatrixCols=\count301
\dotsspace@=\muskip17
\c@parentequation=\count302
\dspbrk@lvl=\count303
\tag@help=\toks22
\row@=\count304
\column@=\count305
\maxfields@=\count306
\andhelp@=\toks23
\eqnshift@=\dimen168
\alignsep@=\dimen169
\tagshift@=\dimen170
\tagwidth@=\dimen171
\totwidth@=\dimen172
\lineht@=\dimen173
\@envbody=\toks24
\multlinegap=\skip52
\multlinetaggap=\skip53
\mathdisplay@stack=\toks25
LaTeX Info: Redefining \[ on input line 2950.
LaTeX Info: Redefining \] on input line 2951.
) (/usr/local/texlive/2025/texmf-dist/tex/latex/tools/multicol.sty
Package: multicol 2025/10/21 v2.0b multicolumn formatting (FMi)
\c@tracingmulticols=\count307
\mult@box=\box60
\multicol@leftmargin=\dimen174
\c@unbalance=\count308
\c@collectmore=\count309
\doublecol@number=\count310
\multicoltolerance=\count311
\multicolpretolerance=\count312
\full@width=\dimen175
\page@free=\dimen176
\premulticols=\dimen177
\postmulticols=\dimen178
\multicolsep=\skip54
\multicolbaselineskip=\skip55
\partial@page=\box61
\last@line=\box62
\mc@boxedresult=\box63
\maxbalancingoverflow=\dimen179
\mult@rightbox=\box64
\mult@grightbox=\box65
\mult@firstbox=\box66
\mult@gfirstbox=\box67
\@tempa=\box68
\@tempa=\box69
\@tempa=\box70
\@tempa=\box71
\@tempa=\box72
\@tempa=\box73
\@tempa=\box74
\@tempa=\box75
\@tempa=\box76
\@tempa=\box77
\@tempa=\box78
\@tempa=\box79
\@tempa=\box80
\@tempa=\box81
\@tempa=\box82
\@tempa=\box83
\@tempa=\box84
\@tempa=\box85
\@tempa=\box86
\@tempa=\box87
\@tempa=\box88
\@tempa=\box89
\@tempa=\box90
\@tempa=\box91
\@tempa=\box92
\@tempa=\box93
\@tempa=\box94
\@tempa=\box95
\@tempa=\box96
\@tempa=\box97
\@tempa=\box98
\@tempa=\box99
\@tempa=\box100
\@tempa=\box101
\@tempa=\box102
\@tempa=\box103
\c@minrows=\count313
\c@columnbadness=\count314
\c@finalcolumnbadness=\count315
\last@try=\dimen180
\multicolovershoot=\dimen181
\multicolundershoot=\dimen182
\mult@nat@firstbox=\box104
\colbreak@box=\box105
\mc@col@check@num=\count316
\g__mc_curr_col_int=\count317
) (/usr/local/texlive/2025/texmf-dist/tex/latex/titlesec/titlesec.sty
Package: titlesec 2025/01/04 v2.17 Sectioning titles
\ttl@box=\box106
\beforetitleunit=\skip56
\aftertitleunit=\skip57
\ttl@plus=\dimen183
\ttl@minus=\dimen184
\ttl@toksa=\toks26
\titlewidth=\dimen185
\titlewidthlast=\dimen186
\titlewidthfirst=\dimen187
) (/usr/local/texlive/2025/texmf-dist/tex/latex/xcolor/xcolor.sty
Package: xcolor 2024/09/29 v3.02 LaTeX color extensions (UK)
 (/usr/local/texlive/2025/texmf-dist/tex/latex/graphics-cfg/color.cfg
File: color.cfg 2016/01/02 v1.6 sample color configuration
)
Package xcolor Info: Driver file: pdftex.def on input line 274.
 (/usr/local/texlive/2025/texmf-dist/tex/latex/graphics/mathcolor.ltx)
Package xcolor Info: Model `cmy' substituted by `cmy0' on input line 1349.
Package xcolor Info: Model `hsb' substituted by `rgb' on input line 1353.
Package xcolor Info: Model `RGB' extended on input line 1365.
Package xcolor Info: Model `HTML' substituted by `rgb' on input line 1367.
Package xcolor Info: Model `Hsb' substituted by `hsb' on input line 1368.
Package xcolor Info: Model `tHsb' substituted by `hsb' on input line 1369.
Package xcolor Info: Model `HSB' substituted by `hsb' on input line 1370.
Package xcolor Info: Model `Gray' substituted by `gray' on input line 1371.
Package xcolor Info: Model `wave' substituted by `hsb' on input line 1372.
) (/usr/local/texlive/2025/texmf-dist/tex/latex/psnfss/helvet.sty
Package: helvet 2020/03/25 PSNFSS-v9.3 (WaS) 
) (/usr/local/texlive/2025/texmf-dist/tex/latex/hyperref/hyperref.sty
Package: hyperref 2025-07-12 v7.01o Hypertext links for LaTeX
 (/usr/local/texlive/2025/texmf-dist/tex/latex/kvsetkeys/kvsetkeys.sty
Package: kvsetkeys 2022-10-05 v1.19 Key value parser (HO)
) (/usr/local/texlive/2025/texmf-dist/tex/generic/kvdefinekeys/kvdefinekeys.sty
Package: kvdefinekeys 2019-12-19 v1.6 Define keys (HO)
) (/usr/local/texlive/2025/texmf-dist/tex/generic/pdfescape/pdfescape.sty
Package: pdfescape 2019/12/09 v1.15 Implements pdfTeX's escape features (HO)
 (/usr/local/texlive/2025/texmf-dist/tex/generic/ltxcmds/ltxcmds.sty
Package: ltxcmds 2023-12-04 v1.26 LaTeX kernel commands for general use (HO)
) (/usr/local/texlive/2025/texmf-dist/tex/generic/pdftexcmds/pdftexcmds.sty
Package: pdftexcmds 2020-06-27 v0.33 Utility functions of pdfTeX for LuaTeX (HO)
 (/usr/local/texlive/2025/texmf-dist/tex/generic/infwarerr/infwarerr.sty
Package: infwarerr 2019/12/03 v1.5 Providing info/warning/error messages (HO)
)
Package pdftexcmds Info: \pdf@primitive is available.
Package pdftexcmds Info: \pdf@ifprimitive is available.
Package pdftexcmds Info: \pdfdraftmode found.
)) (/usr/local/texlive/2025/texmf-dist/tex/latex/hycolor/hycolor.sty
Package: hycolor 2020-01-27 v1.10 Color options for hyperref/bookmark (HO)
) (/usr/local/texlive/2025/texmf-dist/tex/latex/hyperref/nameref.sty
Package: nameref 2025-06-21 v2.57 Cross-referencing by name of section
 (/usr/local/texlive/2025/texmf-dist/tex/latex/refcount/refcount.sty
Package: refcount 2019/12/15 v3.6 Data extraction from label references (HO)
) (/usr/local/texlive/2025/texmf-dist/tex/generic/gettitlestring/gettitlestring.sty
Package: gettitlestring 2019/12/15 v1.6 Cleanup title references (HO)
 (/usr/local/texlive/2025/texmf-dist/tex/latex/kvoptions/kvoptions.sty
Package: kvoptions 2022-06-15 v3.15 Key value format for package options (HO)
))
\c@section@level=\count318
) (/usr/local/texlive/2025/texmf-dist/tex/latex/etoolbox/etoolbox.sty
Package: etoolbox 2025/10/02 v2.5m e-TeX tools for LaTeX (JAW)
\etb@tempcnta=\count319
) (/usr/local/texlive/2025/texmf-dist/tex/generic/stringenc/stringenc.sty
Package: stringenc 2019/11/29 v1.12 Convert strings between diff. encodings (HO)
)
\@linkdim=\dimen188
\Hy@linkcounter=\count320
\Hy@pagecounter=\count321
 (/usr/local/texlive/2025/texmf-dist/tex/latex/hyperref/pd1enc.def
File: pd1enc.def 2025-07-12 v7.01o Hyperref: PDFDocEncoding definition (HO)
Now handling font encoding PD1 ...
... no UTF-8 mapping file for font encoding PD1
) (/usr/local/texlive/2025/texmf-dist/tex/generic/intcalc/intcalc.sty
Package: intcalc 2019/12/15 v1.3 Expandable calculations with integers (HO)
)
\Hy@SavedSpaceFactor=\count322
 (/usr/local/texlive/2025/texmf-dist/tex/latex/hyperref/puenc.def
File: puenc.def 2025-07-12 v7.01o Hyperref: PDF Unicode definition (HO)
Now handling font encoding PU ...
... no UTF-8 mapping file for font encoding PU
)
Package hyperref Info: Hyper figures OFF on input line 4195.
Package hyperref Info: Link nesting OFF on input line 4200.
Package hyperref Info: Hyper index ON on input line 4203.
Package hyperref Info: Plain pages OFF on input line 4210.
Package hyperref Info: Backreferencing OFF on input line 4215.
Package hyperref Info: Implicit mode ON; LaTeX internals redefined.
Package hyperref Info: Bookmarks ON on input line 4462.
\c@Hy@tempcnt=\count323
 (/usr/local/texlive/2025/texmf-dist/tex/latex/url/url.sty
\Urlmuskip=\muskip18
Package: url 2013/09/16  ver 3.4  Verb mode for urls, etc.
)
LaTeX Info: Redefining \url on input line 4801.
\XeTeXLinkMargin=\dimen189

(/usr/local/texlive/2025/texmf-dist/tex/generic/bitset/bitset.sty
Package: bitset 2019/12/09 v1.3 Handle bit-vector datatype (HO)
 (/usr/local/texlive/2025/texmf-dist/tex/generic/bigintcalc/bigintcalc.sty
Package: bigintcalc 2019/12/15 v1.5 Expandable calculations on big integers (HO)
))
\Fld@menulength=\count324
\Field@Width=\dimen190
\Fld@charsize=\dimen191
Package hyperref Info: Hyper figures OFF on input line 6078.
Package hyperref Info: Link nesting OFF on input line 6083.
Package hyperref Info: Hyper index ON on input line 6086.
Package hyperref Info: backreferencing OFF on input line 6093.
Package hyperref Info: Link coloring OFF on input line 6098.
Package hyperref Info: Link coloring with OCG OFF on input line 6103.
Package hyperref Info: PDF/A mode OFF on input line 6108.
\Hy@abspage=\count325
\c@Item=\count326
\c@Hfootnote=\count327
)
Package hyperref Info: Driver (autodetected): hpdftex.
 (/usr/local/texlive/2025/texmf-dist/tex/latex/hyperref/hpdftex.def
File: hpdftex.def 2025-07-12 v7.01o Hyperref driver for pdfTeX
\Fld@listcount=\count328
\c@bookmark@seq@number=\count329
 (/usr/local/texlive/2025/texmf-dist/tex/latex/rerunfilecheck/rerunfilecheck.sty
Package: rerunfilecheck 2025-06-21 v1.11 Rerun checks for auxiliary files (HO)
 (/usr/local/texlive/2025/texmf-dist/tex/generic/uniquecounter/uniquecounter.sty
Package: uniquecounter 2019/12/15 v1.4 Provide unlimited unique counter (HO)
)
Package uniquecounter Info: New unique counter `rerunfilecheck' on input line 284.
)
\Hy@SectionHShift=\skip58
) (/usr/local/texlive/2025/texmf-dist/tex/latex/listings/listings.sty
\lst@mode=\count330
\lst@gtempboxa=\box107
\lst@token=\toks27
\lst@length=\count331
\lst@currlwidth=\dimen192
\lst@column=\count332
\lst@pos=\count333
\lst@lostspace=\dimen193
\lst@width=\dimen194
\lst@newlines=\count334
\lst@lineno=\count335
\lst@maxwidth=\dimen195
 (/usr/local/texlive/2025/texmf-dist/tex/latex/listings/lstpatch.sty
File: lstpatch.sty 2025/11/14 1.11b (Carsten Heinz)
) (/usr/local/texlive/2025/texmf-dist/tex/latex/listings/lstmisc.sty
File: lstmisc.sty 2025/11/14 1.11b (Carsten Heinz)
\c@lstnumber=\count336
\lst@skipnumbers=\count337
\lst@framebox=\box108
) (/usr/local/texlive/2025/texmf-dist/tex/latex/listings/listings.cfg
File: listings.cfg 2025/11/14 1.11b listings configuration
))
Package: listings 2025/11/14 1.11b (Carsten Heinz)

==> First Aid for listings.sty no longer applied!
    Expected:
        2024/09/23 1.10c (Carsten Heinz)
    but found:
        2025/11/14 1.11b (Carsten Heinz)
    so I'm assuming it got fixed.
\c@theorem=\count338
\c@corollary=\count339
(/usr/local/texlive/2025/texmf-dist/tex/latex/l3backend/l3backend-pdftex.def
File: l3backend-pdftex.def 2025-10-09 L3 backend support: PDF output (pdfTeX)
\l__color_backend_stack_int=\count340
) (./quad.aux (./capitoli/godo2.aux))
\openout1 = `quad.aux'.

LaTeX Font Info:    Checking defaults for OML/cmm/m/it on input line 130.
LaTeX Font Info:    ... okay on input line 130.
LaTeX Font Info:    Checking defaults for OMS/cmsy/m/n on input line 130.
LaTeX Font Info:    ... okay on input line 130.
LaTeX Font Info:    Checking defaults for OT1/cmr/m/n on input line 130.
LaTeX Font Info:    ... okay on input line 130.
LaTeX Font Info:    Checking defaults for T1/cmr/m/n on input line 130.
LaTeX Font Info:    ... okay on input line 130.
LaTeX Font Info:    Checking defaults for TS1/cmr/m/n on input line 130.
LaTeX Font Info:    ... okay on input line 130.
LaTeX Font Info:    Checking defaults for OMX/cmex/m/n on input line 130.
LaTeX Font Info:    ... okay on input line 130.
LaTeX Font Info:    Checking defaults for U/cmr/m/n on input line 130.
LaTeX Font Info:    ... okay on input line 130.
LaTeX Font Info:    Checking defaults for PD1/pdf/m/n on input line 130.
LaTeX Font Info:    ... okay on input line 130.
LaTeX Font Info:    Checking defaults for PU/pdf/m/n on input line 130.
LaTeX Font Info:    ... okay on input line 130.

*geometry* driver: auto-detecting
*geometry* detected driver: pdftex
*geometry* verbose mode - [ preamble ] result:
* driver: pdftex
* paper: a4paper
* layout: <same size as paper>
* layoutoffset:(h,v)=(0.0pt,0.0pt)
* modes: 
* h-part:(L,W,R)=(42.67914pt, 512.1496pt, 42.67914pt)
* v-part:(T,H,B)=(53.49118pt, 711.3189pt, 80.23677pt)
* \paperwidth=597.50787pt
* \paperheight=845.04684pt
* \textwidth=512.1496pt
* \textheight=711.3189pt
* \oddsidemargin=-29.59085pt
* \evensidemargin=-29.59085pt
* \topmargin=-55.77881pt
* \headheight=12.0pt
* \headsep=25.0pt
* \topskip=10.0pt
* \footskip=30.0pt
* \marginparwidth=65.0pt
* \marginparsep=11.0pt
* \columnsep=10.0pt
* \skip\footins=9.0pt plus 4.0pt minus 2.0pt
* \hoffset=0.0pt
* \voffset=0.0pt
* \mag=1000
* \@twocolumnfalse
* \@twosidefalse
* \@mparswitchfalse
* \@reversemarginfalse
* (1in=72.27pt=25.4mm, 1cm=28.453pt)

(/usr/local/texlive/2025/texmf-dist/tex/context/base/mkii/supp-pdf.mkii
[Loading MPS to PDF converter (version 2006.09.02).]
\scratchcounter=\count341
\scratchdimen=\dimen196
\scratchbox=\box109
\nofMPsegments=\count342
\nofMParguments=\count343
\everyMPshowfont=\toks28
\MPscratchCnt=\count344
\MPscratchDim=\dimen197
\MPnumerator=\count345
\makeMPintoPDFobject=\count346
\everyMPtoPDFconversion=\toks29
) (/usr/local/texlive/2025/texmf-dist/tex/latex/epstopdf-pkg/epstopdf-base.sty
Package: epstopdf-base 2020-01-24 v2.11 Base part for package epstopdf
Package epstopdf-base Info: Redefining graphics rule for `.eps' on input line 485.
 (/usr/local/texlive/2025/texmf-dist/tex/latex/latexconfig/epstopdf-sys.cfg
File: epstopdf-sys.cfg 2010/07/13 v1.3 Configuration of (r)epstopdf for TeX Live
))
Package hyperref Info: Link coloring OFF on input line 130.
 (./quad.out) (./quad.out)
\@outlinefile=\write3
\openout3 = `quad.out'.

\c@lstlisting=\count347
 (./quad.toc [1

{/usr/local/texlive/2025/texmf-var/fonts/map/pdftex/updmap/pdftex.map}])
\tf@toc=\write4
\openout4 = `quad.toc'.

 [2] [3]
\openout2 = `capitoli/godo2.aux'.

 (./capitoli/godo2.tex
Overfull \hbox (6.79999pt too wide) in paragraph at lines 7--8
 [] 
 []


Overfull \hbox (6.79999pt too wide) in paragraph at lines 25--26
 [] 
 []


Overfull \hbox (6.79999pt too wide) in paragraph at lines 31--33
 [] 
 []


Overfull \hbox (6.79999pt too wide) in paragraph at lines 31--33
 [] 
 []

[4


{/usr/local/texlive/2025/texmf-dist/fonts/enc/dvips/cm-super/cm-super-ts1.enc}]
Overfull \hbox (6.79999pt too wide) in paragraph at lines 39--40
 [] 
 []


Overfull \hbox (6.79999pt too wide) in paragraph at lines 44--45
 [] 
 []


Overfull \hbox (6.79999pt too wide) in paragraph at lines 56--57
 [] 
 []

[5]
Overfull \hbox (6.79999pt too wide) in paragraph at lines 66--67
 [] 
 []


Overfull \hbox (6.79999pt too wide) in paragraph at lines 72--73
 [] 
 []


Overfull \hbox (6.79999pt too wide) in paragraph at lines 83--84
 [] 
 []

[6]
Overfull \hbox (6.79999pt too wide) in paragraph at lines 91--92
 [] 
 []


Overfull \hbox (6.79999pt too wide) in paragraph at lines 104--106
 [] 
 []


Overfull \hbox (6.79999pt too wide) in paragraph at lines 104--106
 [] 
 []

[7]
Overfull \hbox (6.79999pt too wide) in paragraph at lines 137--139
 [] 
 []


Overfull \hbox (6.79999pt too wide) in paragraph at lines 137--139
 [] 
 []


Overfull \hbox (6.79999pt too wide) in paragraph at lines 145--146
 [] 
 []


Overfull \hbox (6.79999pt too wide) in paragraph at lines 151--152
 [] 
 []


Overfull \hbox (6.79999pt too wide) in paragraph at lines 157--158
 [] 
 []

[8] [9]
Overfull \hbox (6.79999pt too wide) in paragraph at lines 168--169
 [] 
 []

[10

]
Overfull \hbox (6.79999pt too wide) in paragraph at lines 202--203
 [] 
 []


Overfull \hbox (6.79999pt too wide) in paragraph at lines 210--211
 [] 
 []


Overfull \hbox (6.79999pt too wide) in paragraph at lines 219--220
 [] 
 []


Overfull \hbox (6.79999pt too wide) in paragraph at lines 228--229
 [] 
 []


Overfull \hbox (6.79999pt too wide) in paragraph at lines 240--242
 [] 
 []


Overfull \hbox (6.79999pt too wide) in paragraph at lines 240--242
 [] 
 []

[11

]
Overfull \hbox (6.79999pt too wide) in paragraph at lines 248--249
 [] 
 []


Overfull \hbox (6.79999pt too wide) in paragraph at lines 254--256
 [] 
 []


Overfull \hbox (6.79999pt too wide) in paragraph at lines 254--256
 [] 
 []


Overfull \hbox (6.79999pt too wide) in paragraph at lines 264--265
 [] 
 []

[12]
Overfull \hbox (6.79999pt too wide) in paragraph at lines 272--273
 [] 
 []


Overfull \hbox (6.79999pt too wide) in paragraph at lines 280--282
 [] 
 []


Overfull \hbox (6.79999pt too wide) in paragraph at lines 280--282
 [] 
 []


Overfull \hbox (6.79999pt too wide) in paragraph at lines 290--292
 [] 
 []


Overfull \hbox (6.79999pt too wide) in paragraph at lines 290--292
 [] 
 []

[13]
Overfull \hbox (6.79999pt too wide) in paragraph at lines 296--297
 [] 
 []


Overfull \hbox (6.79999pt too wide) in paragraph at lines 306--307
 [] 
 []


Overfull \hbox (6.79999pt too wide) in paragraph at lines 324--325
 [] 
 []


Overfull \hbox (6.79999pt too wide) in paragraph at lines 333--335
 [] 
 []


Overfull \hbox (6.79999pt too wide) in paragraph at lines 333--335
 [] 
 []

[14]
Overfull \hbox (6.79999pt too wide) in paragraph at lines 359--360
 [] 
 []


Overfull \hbox (6.79999pt too wide) in paragraph at lines 367--368
 [] 
 []

[15

]
Overfull \hbox (6.79999pt too wide) in paragraph at lines 379--380
 [] 
 []


Overfull \hbox (6.79999pt too wide) in paragraph at lines 385--386
 [] 
 []


Overfull \hbox (6.79999pt too wide) in paragraph at lines 394--395
 [] 
 []


Overfull \hbox (6.79999pt too wide) in paragraph at lines 411--412
 [] 
 []

[16

]
Overfull \hbox (6.79999pt too wide) in paragraph at lines 419--420
 [] 
 []


Overfull \hbox (6.79999pt too wide) in paragraph at lines 430--431
 [] 
 []


Overfull \hbox (6.79999pt too wide) in paragraph at lines 434--435
 [] 
 []


Overfull \hbox (6.79999pt too wide) in paragraph at lines 439--440
 [] 
 []


Overfull \hbox (6.79999pt too wide) in paragraph at lines 445--446
 [] 
 []

[17

]
Overfull \hbox (6.79999pt too wide) in paragraph at lines 464--465
 [] 
 []


Overfull \hbox (6.79999pt too wide) in paragraph at lines 478--479
 [] 
 []


Overfull \hbox (6.79999pt too wide) in paragraph at lines 485--487
 [] 
 []


Overfull \hbox (6.79999pt too wide) in paragraph at lines 485--487
 [] 
 []


Overfull \hbox (6.79999pt too wide) in paragraph at lines 491--492
 [] 
 []


Overfull \vbox (27.66867pt too high) has occurred while \output is active []


Overfull \vbox (27.66867pt too high) has occurred while \output is active []

 [18]
Overfull \hbox (6.79999pt too wide) in paragraph at lines 514--515
 [] 
 []


Overfull \hbox (6.79999pt too wide) in paragraph at lines 520--521
[] 
 []

[19]
Overfull \hbox (6.79999pt too wide) in paragraph at lines 541--542
 [] 
 []


Overfull \hbox (6.79999pt too wide) in paragraph at lines 556--557
 [] 
 []


Overfull \hbox (6.79999pt too wide) in paragraph at lines 565--566
 [] 
 []


Overfull \hbox (6.79999pt too wide) in paragraph at lines 576--577
 [] 
 []

[20]
Overfull \hbox (6.79999pt too wide) in paragraph at lines 591--593
 [] 
 []


Overfull \hbox (6.79999pt too wide) in paragraph at lines 591--593
 [] 
 []


Overfull \hbox (6.79999pt too wide) in paragraph at lines 615--616
 [] 
 []


Overfull \vbox (17.84697pt too high) has occurred while \output is active []


Overfull \vbox (17.84697pt too high) has occurred while \output is active []

 [21

]
Overfull \hbox (6.79999pt too wide) in paragraph at lines 624--625
 [] 
 []


Overfull \hbox (6.79999pt too wide) in paragraph at lines 638--639
 [] 
 []


Overfull \hbox (6.79999pt too wide) in paragraph at lines 650--651
 [] 
 []

[22]
Overfull \hbox (6.79999pt too wide) in paragraph at lines 681--683
 [] 
 []


Overfull \hbox (6.79999pt too wide) in paragraph at lines 681--683
 [] 
 []


Overfull \hbox (6.79999pt too wide) in paragraph at lines 692--693
 [] 
 []


Overfull \hbox (6.79999pt too wide) in paragraph at lines 702--703
[][] 
 []


Overfull \hbox (6.79999pt too wide) in paragraph at lines 706--707
[][] 
 []


Overfull \vbox (25.4273pt too high) has occurred while \output is active []


Overfull \vbox (25.4273pt too high) has occurred while \output is active []


Overfull \vbox (25.4273pt too high) has occurred while \output is active []


Overfull \vbox (25.4273pt too high) has occurred while \output is active []

 [23

]
Overfull \hbox (6.79999pt too wide) in paragraph at lines 716--717
 [] 
 []


Overfull \hbox (6.79999pt too wide) in paragraph at lines 730--731
 [] 
 []


Overfull \hbox (6.79999pt too wide) in paragraph at lines 761--762
 [] 
 []

[24]
Overfull \hbox (6.79999pt too wide) in paragraph at lines 773--774
 [] 
 []


Overfull \hbox (6.79999pt too wide) in paragraph at lines 775--776
 [][] 
 []


Overfull \hbox (6.79999pt too wide) in paragraph at lines 796--797
 [] 
 []


Overfull \hbox (6.79999pt too wide) in paragraph at lines 812--813
 [] 
 []

[25]
Overfull \hbox (6.79999pt too wide) in paragraph at lines 818--819
 [] 
 []


Overfull \hbox (6.79999pt too wide) in paragraph at lines 824--825
 [] 
 []

[26]
Overfull \hbox (6.79999pt too wide) in paragraph at lines 834--835
 [] 
 []


Overfull \hbox (6.79999pt too wide) in paragraph at lines 842--843
 [] 
 []


Package hyperref Warning: Difference (2) between bookmark levels is greater 
(hyperref)                than one, level fixed on input line 851.


Overfull \hbox (6.79999pt too wide) in paragraph at lines 866--867
 [] 
 []


Overfull \hbox (6.79999pt too wide) in paragraph at lines 876--877
 [] 
 []


Overfull \hbox (6.79999pt too wide) in paragraph at lines 884--885
 [] 
 []


Overfull \vbox (29.6868pt too high) has occurred while \output is active []


Overfull \vbox (29.6868pt too high) has occurred while \output is active []

 [27

]
Overfull \hbox (6.79999pt too wide) in paragraph at lines 892--893
 [] 
 []

[28]
Overfull \hbox (6.79999pt too wide) in paragraph at lines 916--917
 [] 
 []


Overfull \hbox (6.79999pt too wide) in paragraph at lines 927--928
 [] 
 []

<./images/Screenshot_20251129_111855.png, id=430, 1379.90532pt x 904.1278pt>
File: ./images/Screenshot_20251129_111855.png Graphic file (type png)
<use ./images/Screenshot_20251129_111855.png>
Package pdftex.def Info: ./images/Screenshot_20251129_111855.png  used on input line 936.
(pdftex.def)             Requested size: 275.97618pt x 180.82236pt.

Overfull \hbox (24.90138pt too wide) in paragraph at lines 936--937
 [] 
 []

<./images/Screenshot_20251129_112649.png, id=432, 705.38531pt x 479.54156pt>
File: ./images/Screenshot_20251129_112649.png Graphic file (type png)
<use ./images/Screenshot_20251129_112649.png>
Package pdftex.def Info: ./images/Screenshot_20251129_112649.png  used on input line 949.
(pdftex.def)             Requested size: 141.07455pt x 95.9066pt.

Overfull \vbox (16.40701pt too high) has occurred while \output is active []

 [29

 <./images/Screenshot_20251129_111855.png> <./images/Screenshot_20251129_112649.png>]
<./images/Screenshot_20251129_113221.png, id=439, 799.48688pt x 696.35156pt>
File: ./images/Screenshot_20251129_113221.png Graphic file (type png)
<use ./images/Screenshot_20251129_113221.png>
Package pdftex.def Info: ./images/Screenshot_20251129_113221.png  used on input line 962.
(pdftex.def)             Requested size: 159.89453pt x 139.26784pt.
<./images/Screenshot_20251129_113341.png, id=440, 971.12813pt x 778.40813pt>
File: ./images/Screenshot_20251129_113341.png Graphic file (type png)
<use ./images/Screenshot_20251129_113341.png>
Package pdftex.def Info: ./images/Screenshot_20251129_113341.png  used on input line 969.
(pdftex.def)             Requested size: 194.22218pt x 155.67886pt.
<./images/Screenshot_20251129_120738.png, id=441, 713.66624pt x 335.00156pt>
File: ./images/Screenshot_20251129_120738.png Graphic file (type png)
<use ./images/Screenshot_20251129_120738.png>
Package pdftex.def Info: ./images/Screenshot_20251129_120738.png  used on input line 981.
(pdftex.def)             Requested size: 142.73071pt x 66.99911pt.
 [30 <./images/Screenshot_20251129_113221.png> <./images/Screenshot_20251129_113341.png> <./images/Screenshot_20251129_120738.png>]
<./images/Screenshot_20251130_121511.png, id=450, 917.67844pt x 172.39406pt>
File: ./images/Screenshot_20251130_121511.png Graphic file (type png)
<use ./images/Screenshot_20251130_121511.png>
Package pdftex.def Info: ./images/Screenshot_20251130_121511.png  used on input line 988.
(pdftex.def)             Requested size: 183.53242pt x 34.4782pt.
<./images/Screenshot_20251201_091737.png, id=451, 581.92406pt x 154.32657pt>
File: ./images/Screenshot_20251201_091737.png Graphic file (type png)
<use ./images/Screenshot_20251201_091737.png>
Package pdftex.def Info: ./images/Screenshot_20251201_091737.png  used on input line 996.
(pdftex.def)             Requested size: 116.38275pt x 30.86476pt.
<./images/Screenshot_20251201_093113.png, id=452, 899.61093pt x 456.20438pt>
File: ./images/Screenshot_20251201_093113.png Graphic file (type png)
<use ./images/Screenshot_20251201_093113.png>
Package pdftex.def Info: ./images/Screenshot_20251201_093113.png  used on input line 1004.
(pdftex.def)             Requested size: 179.91899pt x 91.23924pt.
<./images/Screenshot_20251201_093457.png, id=453, 810.02625pt x 413.29407pt>
File: ./images/Screenshot_20251201_093457.png Graphic file (type png)
<use ./images/Screenshot_20251201_093457.png>
Package pdftex.def Info: ./images/Screenshot_20251201_093457.png  used on input line 1013.
(pdftex.def)             Requested size: 162.00237pt x 82.65733pt.
<./images/Screenshot_20251201_094101.png, id=454, 916.92563pt x 370.38374pt>
File: ./images/Screenshot_20251201_094101.png Graphic file (type png)
<use ./images/Screenshot_20251201_094101.png>
Package pdftex.def Info: ./images/Screenshot_20251201_094101.png  used on input line 1024.
(pdftex.def)             Requested size: 183.38188pt x 74.07542pt.
 [31 <./images/Screenshot_20251130_121511.png> <./images/Screenshot_20251201_091737.png> <./images/Screenshot_20251201_093113.png> <./images/Screenshot_20251201_093457.png> <./images/Screenshot_20251201_094101.png>]
<./images/Screenshot_20251201_095706.png, id=465, 889.82437pt x 302.63063pt>
File: ./images/Screenshot_20251201_095706.png Graphic file (type png)
<use ./images/Screenshot_20251201_095706.png>
Package pdftex.def Info: ./images/Screenshot_20251201_095706.png  used on input line 1033.
(pdftex.def)             Requested size: 177.96172pt x 60.52504pt.
<./images/Screenshot_20251201_095924.png, id=466, 889.82437pt x 130.23656pt>
File: ./images/Screenshot_20251201_095924.png Graphic file (type png)
<use ./images/Screenshot_20251201_095924.png>
Package pdftex.def Info: ./images/Screenshot_20251201_095924.png  used on input line 1042.
(pdftex.def)             Requested size: 177.96172pt x 26.04684pt.


LaTeX Warning: Command \texteuro invalid in math mode on input line 1079.


LaTeX Warning: Command \texteuro invalid in math mode on input line 1079.

Missing character: There is no ¿ in font cmr10!

LaTeX Warning: Command \texteuro invalid in math mode on input line 1080.


LaTeX Warning: Command \texteuro invalid in math mode on input line 1080.

Missing character: There is no ¿ in font cmr10!

LaTeX Warning: Command \texteuro invalid in math mode on input line 1081.


LaTeX Warning: Command \texteuro invalid in math mode on input line 1081.

Missing character: There is no ¿ in font cmr10!

LaTeX Warning: Command \texteuro invalid in math mode on input line 1082.


LaTeX Warning: Command \texteuro invalid in math mode on input line 1082.

Missing character: There is no ¿ in font cmr10!
[32 <./images/Screenshot_20251201_095706.png> <./images/Screenshot_20251201_095924.png>]

LaTeX Warning: Command \texteuro invalid in math mode on input line 1091.


LaTeX Warning: Command \texteuro invalid in math mode on input line 1091.

Missing character: There is no ¿ in font cmr10!

LaTeX Warning: Command \texteuro invalid in math mode on input line 1092.


LaTeX Warning: Command \texteuro invalid in math mode on input line 1092.

Missing character: There is no ¿ in font cmr10!

LaTeX Warning: Command \texteuro invalid in math mode on input line 1093.


LaTeX Warning: Command \texteuro invalid in math mode on input line 1093.

Missing character: There is no ¿ in font cmr10!

LaTeX Warning: Command \texteuro invalid in math mode on input line 1102.


LaTeX Warning: Command \texteuro invalid in math mode on input line 1102.

Missing character: There is no ¿ in font cmr10!

LaTeX Warning: Command \texteuro invalid in math mode on input line 1103.


LaTeX Warning: Command \texteuro invalid in math mode on input line 1103.

Missing character: There is no ¿ in font cmr10!
<./images/Screenshot_20251201_102951.png, id=475, 904.1278pt x 426.09187pt>
File: ./images/Screenshot_20251201_102951.png Graphic file (type png)
<use ./images/Screenshot_20251201_102951.png>
Package pdftex.def Info: ./images/Screenshot_20251201_102951.png  used on input line 1116.
(pdftex.def)             Requested size: 180.82236pt x 85.21686pt.
<./images/Screenshot_20251201_103607.png, id=476, 499.8675pt x 375.65344pt>
File: ./images/Screenshot_20251201_103607.png Graphic file (type png)
<use ./images/Screenshot_20251201_103607.png>
Package pdftex.def Info: ./images/Screenshot_20251201_103607.png  used on input line 1125.
(pdftex.def)             Requested size: 99.97173pt x 75.12935pt.
[33 <./images/Screenshot_20251201_102951.png> <./images/Screenshot_20251201_103607.png>]
<./images/Screenshot_20251201_104329.png, id=485, 665.48625pt x 249.93375pt>
File: ./images/Screenshot_20251201_104329.png Graphic file (type png)
<use ./images/Screenshot_20251201_104329.png>
Package pdftex.def Info: ./images/Screenshot_20251201_104329.png  used on input line 1136.
(pdftex.def)             Requested size: 133.09488pt x 49.98586pt.
<./images/Screenshot_20251201_105704.png, id=486, 726.46407pt x 320.69812pt>
File: ./images/Screenshot_20251201_105704.png Graphic file (type png)
<use ./images/Screenshot_20251201_105704.png>
Package pdftex.def Info: ./images/Screenshot_20251201_105704.png  used on input line 1143.
(pdftex.def)             Requested size: 145.29024pt x 64.13847pt.
<./images/Screenshot_20251201_110039.png, id=487, 872.50969pt x 129.48375pt>
File: ./images/Screenshot_20251201_110039.png Graphic file (type png)
<use ./images/Screenshot_20251201_110039.png>
Package pdftex.def Info: ./images/Screenshot_20251201_110039.png  used on input line 1150.
(pdftex.def)             Requested size: 174.49884pt x 25.89629pt.
<./images/Screenshot_20251201_110417.png, id=488, 931.98187pt x 493.0922pt>
File: ./images/Screenshot_20251201_110417.png Graphic file (type png)
<use ./images/Screenshot_20251201_110417.png>
Package pdftex.def Info: ./images/Screenshot_20251201_110417.png  used on input line 1153.
(pdftex.def)             Requested size: 186.39307pt x 98.61668pt.
<./images/Screenshot_20251201_110619.png, id=489, 931.98187pt x 493.0922pt>
File: ./images/Screenshot_20251201_110619.png Graphic file (type png)
<use ./images/Screenshot_20251201_110619.png>
Package pdftex.def Info: ./images/Screenshot_20251201_110619.png  used on input line 1164.
(pdftex.def)             Requested size: 186.39307pt x 98.61668pt.
 [34 <./images/Screenshot_20251201_104329.png> <./images/Screenshot_20251201_105704.png> <./images/Screenshot_20251201_110039.png> <./images/Screenshot_20251201_110417.png> <./images/Screenshot_20251201_110619.png>]
<./images/Screenshot_20251201_110959.png, id=499, 976.39781pt x 532.99126pt>
File: ./images/Screenshot_20251201_110959.png Graphic file (type png)
<use ./images/Screenshot_20251201_110959.png>
Package pdftex.def Info: ./images/Screenshot_20251201_110959.png  used on input line 1173.
(pdftex.def)             Requested size: 195.2761pt x 106.59636pt.
<./images/Screenshot_20251201_111307.png, id=500, 916.1728pt x 532.99126pt>
File: ./images/Screenshot_20251201_111307.png Graphic file (type png)
<use ./images/Screenshot_20251201_111307.png>
Package pdftex.def Info: ./images/Screenshot_20251201_111307.png  used on input line 1181.
(pdftex.def)             Requested size: 183.23131pt x 106.59636pt.
<./images/Screenshot_20251201_111711.png, id=501, 773.89125pt x 369.63094pt>
File: ./images/Screenshot_20251201_111711.png Graphic file (type png)
<use ./images/Screenshot_20251201_111711.png>
Package pdftex.def Info: ./images/Screenshot_20251201_111711.png  used on input line 1191.
(pdftex.def)             Requested size: 154.7755pt x 73.92487pt.
<./images/Screenshot_20251201_112942.png, id=502, 913.91437pt x 484.81125pt>
File: ./images/Screenshot_20251201_112942.png Graphic file (type png)
<use ./images/Screenshot_20251201_112942.png>
Package pdftex.def Info: ./images/Screenshot_20251201_112942.png  used on input line 1200.
(pdftex.def)             Requested size: 182.77963pt x 96.96053pt.
<./images/Screenshot_20251201_113059.png, id=503, 895.84688pt x 292.09125pt>
File: ./images/Screenshot_20251201_113059.png Graphic file (type png)
<use ./images/Screenshot_20251201_113059.png>
Package pdftex.def Info: ./images/Screenshot_20251201_113059.png  used on input line 1208.
(pdftex.def)             Requested size: 179.1662pt x 58.4172pt.
 [35 <./images/Screenshot_20251201_110959.png> <./images/Screenshot_20251201_111307.png> <./images/Screenshot_20251201_111711.png> <./images/Screenshot_20251201_112942.png> <./images/Screenshot_20251201_113059.png>]
<./images/Screenshot_20251201_113425.png, id=513, 679.03688pt x 448.67625pt>
File: ./images/Screenshot_20251201_113425.png Graphic file (type png)
<use ./images/Screenshot_20251201_113425.png>
Package pdftex.def Info: ./images/Screenshot_20251201_113425.png  used on input line 1214.
(pdftex.def)             Requested size: 135.80496pt x 89.73366pt.
<./images/Screenshot_20251201_114549.png, id=514, 710.655pt x 180.675pt>
File: ./images/Screenshot_20251201_114549.png Graphic file (type png)
<use ./images/Screenshot_20251201_114549.png>
Package pdftex.def Info: ./images/Screenshot_20251201_114549.png  used on input line 1223.
(pdftex.def)             Requested size: 142.12848pt x 36.13435pt.
<./images/Screenshot_20251201_120112.png, id=515, 804.00375pt x 580.41844pt>
File: ./images/Screenshot_20251201_120112.png Graphic file (type png)
<use ./images/Screenshot_20251201_120112.png>
Package pdftex.def Info: ./images/Screenshot_20251201_120112.png  used on input line 1232.
(pdftex.def)             Requested size: 160.7979pt x 116.08162pt.
<./images/Screenshot_20251201_120353.png, id=516, 612.78937pt x 280.79906pt>
File: ./images/Screenshot_20251201_120353.png Graphic file (type png)
<use ./images/Screenshot_20251201_120353.png>
Package pdftex.def Info: ./images/Screenshot_20251201_120353.png  used on input line 1237.
(pdftex.def)             Requested size: 122.5557pt x 56.15881pt.
<./images/Screenshot_20251201_120545.png, id=517, 886.06032pt x 288.3272pt>
File: ./images/Screenshot_20251201_120545.png Graphic file (type png)
<use ./images/Screenshot_20251201_120545.png>
Package pdftex.def Info: ./images/Screenshot_20251201_120545.png  used on input line 1247.
(pdftex.def)             Requested size: 177.20892pt x 57.66441pt.
<./images/Screenshot_20251201_121317.png, id=518, 904.1278pt x 506.6428pt>
File: ./images/Screenshot_20251201_121317.png Graphic file (type png)
<use ./images/Screenshot_20251201_121317.png>
Package pdftex.def Info: ./images/Screenshot_20251201_121317.png  used on input line 1255.
(pdftex.def)             Requested size: 180.82236pt x 101.32677pt.

Overfull \vbox (27.4035pt too high) has occurred while \output is active []

 [36 <./images/Screenshot_20251201_113425.png> <./images/Screenshot_20251201_114549.png> <./images/Screenshot_20251201_120112.png> <./images/Screenshot_20251201_120353.png> <./images/Screenshot_20251201_120545.png> <./images/Screenshot_20251201_121317.png>]
<./images/Screenshot_20251201_121606.png, id=530, 697.8572pt x 259.7203pt>
File: ./images/Screenshot_20251201_121606.png Graphic file (type png)
<use ./images/Screenshot_20251201_121606.png>
Package pdftex.def Info: ./images/Screenshot_20251201_121606.png  used on input line 1263.
(pdftex.def)             Requested size: 139.56895pt x 51.94313pt.
<./images/Screenshot_20251201_121821.png, id=531, 900.36375pt x 259.7203pt>
File: ./images/Screenshot_20251201_121821.png Graphic file (type png)
<use ./images/Screenshot_20251201_121821.png>
Package pdftex.def Info: ./images/Screenshot_20251201_121821.png  used on input line 1273.
(pdftex.def)             Requested size: 180.06955pt x 51.94313pt.
<./images/Screenshot_20251201_122510.png, id=532, 925.95938pt x 490.83376pt>
File: ./images/Screenshot_20251201_122510.png Graphic file (type png)
<use ./images/Screenshot_20251201_122510.png>
Package pdftex.def Info: ./images/Screenshot_20251201_122510.png  used on input line 1280.
(pdftex.def)             Requested size: 185.1886pt x 98.16501pt.
<./images/Screenshot_20251201_122805.png, id=533, 925.95938pt x 490.83376pt>
File: ./images/Screenshot_20251201_122805.png Graphic file (type png)
<use ./images/Screenshot_20251201_122805.png>
Package pdftex.def Info: ./images/Screenshot_20251201_122805.png  used on input line 1285.
(pdftex.def)             Requested size: 185.1886pt x 98.16501pt.
<./images/Screenshot_20251201_123159.png, id=534, 950.80219pt x 354.57469pt>
File: ./images/Screenshot_20251201_123159.png Graphic file (type png)
<use ./images/Screenshot_20251201_123159.png>
Package pdftex.def Info: ./images/Screenshot_20251201_123159.png  used on input line 1293.
(pdftex.def)             Requested size: 190.15706pt x 70.91368pt.
 [37 <./images/Screenshot_20251201_121606.png> <./images/Screenshot_20251201_121821.png> <./images/Screenshot_20251201_122510.png> <./images/Screenshot_20251201_122805.png> <./images/Screenshot_20251201_123159.png>]
<./images/Screenshot_20251201_124512.png, id=545, 931.22906pt x 517.935pt>
File: ./images/Screenshot_20251201_124512.png Graphic file (type png)
<use ./images/Screenshot_20251201_124512.png>
Package pdftex.def Info: ./images/Screenshot_20251201_124512.png  used on input line 1303.
(pdftex.def)             Requested size: 186.24251pt x 103.58516pt.
File: ./images/Screenshot_20251201_124512.png Graphic file (type png)
<use ./images/Screenshot_20251201_124512.png>
Package pdftex.def Info: ./images/Screenshot_20251201_124512.png  used on input line 1315.
(pdftex.def)             Requested size: 186.24251pt x 103.58516pt.

Overfull \vbox (20.59488pt too high) has occurred while \output is active []

 [38

 <./images/Screenshot_20251201_124512.png>] [39]) [40] (./quad.aux (./capitoli/godo2.aux))
 ***********
LaTeX2e <2025-11-01>
L3 programming layer <2025-11-14>
 ***********
Package rerunfilecheck Info: File `quad.out' has not changed.
(rerunfilecheck)             Checksum: 7FB9998D5A6490952CA15079F5243A39;9199.
 ) 
Here is how much of TeX's memory you used:
 12545 strings out of 467538
 199673 string characters out of 5419551
 628621 words of memory out of 5000000
 41195 multiletter control sequences out of 15000+600000
 636679 words of font info for 71 fonts, out of 8000000 for 9000
 1141 hyphenation exceptions out of 8191
 75i,12n,79p,581b,616s stack positions out of 10000i,1000n,20000p,200000b,200000s
</usr/local/texlive/2025/texmf-dist/fonts/type1/public/amsfonts/cm/cmbx10.pfb></usr/local/texlive/2025/texmf-dist/fonts/type1/public/amsfonts/cm/cmbx12.pfb></usr/local/texlive/2025/texmf-dist/fonts/type1/public/amsfonts/cm/cmbx5.pfb></usr/local/texlive/2025/texmf-dist/fonts/type1/public/amsfonts/cm/cmex10.pfb></usr/local/texlive/2025/texmf-dist/fonts/type1/public/amsfonts/cm/cmmi10.pfb></usr/local/texlive/2025/texmf-dist/fonts/type1/public/amsfonts/cm/cmmi5.pfb></usr/local/texlive/2025/texmf-dist/fonts/type1/public/amsfonts/cm/cmmi7.pfb></usr/local/texlive/2025/texmf-dist/fonts/type1/public/amsfonts/cm/cmr10.pfb></usr/local/texlive/2025/texmf-dist/fonts/type1/public/amsfonts/cm/cmr12.pfb></usr/local/texlive/2025/texmf-dist/fonts/type1/public/amsfonts/cm/cmr17.pfb></usr/local/texlive/2025/texmf-dist/fonts/type1/public/amsfonts/cm/cmr5.pfb></usr/local/texlive/2025/texmf-dist/fonts/type1/public/amsfonts/cm/cmr7.pfb></usr/local/texlive/2025/texmf-dist/fonts/type1/public/amsfonts/cm/cmsy10.pfb></usr/local/texlive/2025/texmf-dist/fonts/type1/public/amsfonts/cm/cmsy7.pfb></usr/local/texlive/2025/texmf-dist/fonts/type1/public/amsfonts/cm/cmti10.pfb></usr/local/texlive/2025/texmf-dist/fonts/type1/public/amsfonts/cm/cmtt10.pfb></usr/local/texlive/2025/texmf-dist/fonts/type1/public/cm-super/sfbx1000.pfb></usr/local/texlive/2025/texmf-dist/fonts/type1/public/cm-super/sfrm1000.pfb>
Output written on quad.pdf (40 pages, 8812430 bytes).
PDF statistics:
 667 PDF objects out of 1000 (max. 8388607)
 511 compressed objects within 6 object streams
 109 named destinations out of 1000 (max. 500000)
 637 words of extra memory for PDF output out of 10000 (max. 10000000)

